<?xml version="1.0" encoding="UTF-8"?>
<!-- Generated by org.testng.reporters.JUnitReportReporter -->
<testsuite hostname="SHIFAT" failures="0" tests="4" name="storedProcedureTesting.SPtesting" time="0.113" errors="0" timestamp="2023-04-12T20:48:35 BDT" skipped="0">
  <testcase classname="storedProcedureTesting.SPtesting" name="testStoredProceduresExist" time="0.036"/>
  <system-out/>
  <testcase classname="storedProcedureTesting.SPtesting" name="testSelectAllCustomer" time="0.053"/>
  <system-out/>
  <testcase classname="storedProcedureTesting.SPtesting" name="testSelectAllCustomerByCity" time="0.013"/>
  <system-out/>
  <testcase classname="storedProcedureTesting.SPtesting" name="testSelectAllCustomerByCityAndPin" time="0.011"/>
  <system-out/>
</testsuite> <!-- storedProcedureTesting.SPtesting -->
